1400567401,Tue May 20 06:30:01 +0000 2014,1
1400568002,Tue May 20 06:40:02 +0000 2014,1
1400568601,Tue May 20 06:50:01 +0000 2014,1
1400569201,Tue May 20 07:00:01 +0000 2014,1
1400569801,Tue May 20 07:10:01 +0000 2014,1
1400570401,Tue May 20 07:20:01 +0000 2014,1
1400571001,Tue May 20 07:30:01 +0000 2014,1
1400571601,Tue May 20 07:40:01 +0000 2014,1
1400572201,Tue May 20 07:50:01 +0000 2014,1
1400572801,Tue May 20 08:00:01 +0000 2014,1
1400573401,Tue May 20 08:10:01 +0000 2014,1
1400574001,Tue May 20 08:20:01 +0000 2014,1
1400574601,Tue May 20 08:30:01 +0000 2014,1
1400575201,Tue May 20 08:40:01 +0000 2014,1
1400575801,Tue May 20 08:50:01 +0000 2014,1
1400576401,Tue May 20 09:00:01 +0000 2014,1
1400577001,Tue May 20 09:10:01 +0000 2014,1
1400577601,Tue May 20 09:20:01 +0000 2014,1
1400578201,Tue May 20 09:30:01 +0000 2014,1
1400578801,Tue May 20 09:40:01 +0000 2014,1
1400579402,Tue May 20 09:50:02 +0000 2014,1
1400580001,Tue May 20 10:00:01 +0000 2014,1
1400580601,Tue May 20 10:10:01 +0000 2014,1
1400581201,Tue May 20 10:20:01 +0000 2014,1
1400581801,Tue May 20 10:30:01 +0000 2014,1
1400582401,Tue May 20 10:40:01 +0000 2014,1
1400583001,Tue May 20 10:50:01 +0000 2014,1
1400583601,Tue May 20 11:00:01 +0000 2014,1
1400584201,Tue May 20 11:10:01 +0000 2014,1
1400584801,Tue May 20 11:20:01 +0000 2014,1
1400585401,Tue May 20 11:30:01 +0000 2014,1
1400586001,Tue May 20 11:40:01 +0000 2014,1
1400586601,Tue May 20 11:50:01 +0000 2014,1
1400587201,Tue May 20 12:00:01 +0000 2014,1
1400587801,Tue May 20 12:10:01 +0000 2014,1
1400588401,Tue May 20 12:20:01 +0000 2014,1
1400589001,Tue May 20 12:30:01 +0000 2014,1
1400589602,Tue May 20 12:40:02 +0000 2014,1
1400590201,Tue May 20 12:50:01 +0000 2014,1
1400590801,Tue May 20 13:00:01 +0000 2014,1
1400591401,Tue May 20 13:10:01 +0000 2014,1
1400592001,Tue May 20 13:20:01 +0000 2014,1
1400592601,Tue May 20 13:30:01 +0000 2014,1
1400593201,Tue May 20 13:40:01 +0000 2014,1
1400593801,Tue May 20 13:50:01 +0000 2014,1
1400594401,Tue May 20 14:00:01 +0000 2014,1
1400595001,Tue May 20 14:10:01 +0000 2014,1
1400595601,Tue May 20 14:20:01 +0000 2014,1
1400596201,Tue May 20 14:30:01 +0000 2014,1
1400596801,Tue May 20 14:40:01 +0000 2014,1
1400597401,Tue May 20 14:50:01 +0000 2014,1
1400598001,Tue May 20 15:00:01 +0000 2014,1
1400598601,Tue May 20 15:10:01 +0000 2014,1
1400599202,Tue May 20 15:20:02 +0000 2014,1
1400599801,Tue May 20 15:30:01 +0000 2014,1
1400600401,Tue May 20 15:40:01 +0000 2014,1
1400601001,Tue May 20 15:50:01 +0000 2014,1
1400601601,Tue May 20 16:00:01 +0000 2014,3
1400602201,Tue May 20 16:10:01 +0000 2014,3
1400602801,Tue May 20 16:20:01 +0000 2014,3
1400603401,Tue May 20 16:30:01 +0000 2014,4
1400604004,Tue May 20 16:40:04 +0000 2014,4
1400604601,Tue May 20 16:50:01 +0000 2014,4
1400605201,Tue May 20 17:00:01 +0000 2014,5
1400605801,Tue May 20 17:10:01 +0000 2014,5
1400606402,Tue May 20 17:20:02 +0000 2014,5
1400607001,Tue May 20 17:30:01 +0000 2014,5
1400607601,Tue May 20 17:40:01 +0000 2014,5
1400608201,Tue May 20 17:50:01 +0000 2014,5
1400608801,Tue May 20 18:00:01 +0000 2014,5
1400609401,Tue May 20 18:10:01 +0000 2014,5
1400610001,Tue May 20 18:20:01 +0000 2014,5
1400610601,Tue May 20 18:30:01 +0000 2014,5
1400611201,Tue May 20 18:40:01 +0000 2014,5
1400611801,Tue May 20 18:50:01 +0000 2014,5
1400612401,Tue May 20 19:00:01 +0000 2014,5
1400613001,Tue May 20 19:10:01 +0000 2014,5
1400613601,Tue May 20 19:20:01 +0000 2014,5
1400614201,Tue May 20 19:30:01 +0000 2014,5
1400614801,Tue May 20 19:40:01 +0000 2014,5
1400615401,Tue May 20 19:50:01 +0000 2014,5
1400616001,Tue May 20 20:00:01 +0000 2014,3
1400616601,Tue May 20 20:10:01 +0000 2014,3
1400617201,Tue May 20 20:20:01 +0000 2014,2
1400617802,Tue May 20 20:30:02 +0000 2014,1
1400618401,Tue May 20 20:40:01 +0000 2014,1
1400619001,Tue May 20 20:50:01 +0000 2014,1
1400619601,Tue May 20 21:00:01 +0000 2014,1
1400620201,Tue May 20 21:10:01 +0000 2014,1
1400620801,Tue May 20 21:20:01 +0000 2014,1
1400621401,Tue May 20 21:30:01 +0000 2014,1
1400622001,Tue May 20 21:40:01 +0000 2014,1
1400622601,Tue May 20 21:50:01 +0000 2014,1
1400623201,Tue May 20 22:00:01 +0000 2014,1
1400623801,Tue May 20 22:10:01 +0000 2014,1
1400624401,Tue May 20 22:20:01 +0000 2014,1
1400625001,Tue May 20 22:30:01 +0000 2014,1
1400625601,Tue May 20 22:40:01 +0000 2014,1
1400626201,Tue May 20 22:50:01 +0000 2014,1
1400626801,Tue May 20 23:00:01 +0000 2014,1
1400627401,Tue May 20 23:10:01 +0000 2014,1
1400628001,Tue May 20 23:20:01 +0000 2014,1
1400628601,Tue May 20 23:30:01 +0000 2014,1
1400629202,Tue May 20 23:40:02 +0000 2014,1
1400629801,Tue May 20 23:50:01 +0000 2014,1
1400630401,Wed May 21 00:00:01 +0000 2014,1
1400631001,Wed May 21 00:10:01 +0000 2014,1
1400631601,Wed May 21 00:20:01 +0000 2014,1
1400632201,Wed May 21 00:30:01 +0000 2014,1
1400632801,Wed May 21 00:40:01 +0000 2014,1
1400633401,Wed May 21 00:50:01 +0000 2014,1
1400634001,Wed May 21 01:00:01 +0000 2014,1
1400634601,Wed May 21 01:10:01 +0000 2014,1
1400635201,Wed May 21 01:20:01 +0000 2014,1
1400635801,Wed May 21 01:30:01 +0000 2014,1
1400636401,Wed May 21 01:40:01 +0000 2014,1
1400637002,Wed May 21 01:50:02 +0000 2014,1
1400637601,Wed May 21 02:00:01 +0000 2014,1
1400638201,Wed May 21 02:10:01 +0000 2014,1
1400638801,Wed May 21 02:20:01 +0000 2014,1
1400639401,Wed May 21 02:30:01 +0000 2014,1
1400640001,Wed May 21 02:40:01 +0000 2014,1
1400640601,Wed May 21 02:50:01 +0000 2014,1
1400641201,Wed May 21 03:00:01 +0000 2014,1
1400641801,Wed May 21 03:10:01 +0000 2014,1
1400642401,Wed May 21 03:20:01 +0000 2014,1
1400643602,Wed May 21 03:40:02 +0000 2014,1
1400644201,Wed May 21 03:50:01 +0000 2014,1
1400644801,Wed May 21 04:00:01 +0000 2014,1
1400645401,Wed May 21 04:10:01 +0000 2014,1
1400646001,Wed May 21 04:20:01 +0000 2014,1
1400646601,Wed May 21 04:30:01 +0000 2014,1
1400647201,Wed May 21 04:40:01 +0000 2014,1
1400647801,Wed May 21 04:50:01 +0000 2014,1
1400648401,Wed May 21 05:00:01 +0000 2014,1
1400649001,Wed May 21 05:10:01 +0000 2014,1
1400649601,Wed May 21 05:20:01 +0000 2014,1
1400650201,Wed May 21 05:30:01 +0000 2014,1
1400650801,Wed May 21 05:40:01 +0000 2014,1
1400651401,Wed May 21 05:50:01 +0000 2014,1
1400652001,Wed May 21 06:00:01 +0000 2014,1
1400652601,Wed May 21 06:10:01 +0000 2014,1
1400653201,Wed May 21 06:20:01 +0000 2014,1
1400653801,Wed May 21 06:30:01 +0000 2014,1
1400654401,Wed May 21 06:40:01 +0000 2014,1
1400655001,Wed May 21 06:50:01 +0000 2014,1
1400655601,Wed May 21 07:00:01 +0000 2014,1
1400656201,Wed May 21 07:10:01 +0000 2014,1
1400656801,Wed May 21 07:20:01 +0000 2014,1
1400657401,Wed May 21 07:30:01 +0000 2014,1
1400658001,Wed May 21 07:40:01 +0000 2014,1
1400658601,Wed May 21 07:50:01 +0000 2014,1
1400659201,Wed May 21 08:00:01 +0000 2014,1
1400659801,Wed May 21 08:10:01 +0000 2014,1
1400660401,Wed May 21 08:20:01 +0000 2014,1
1400661001,Wed May 21 08:30:01 +0000 2014,1
1400661601,Wed May 21 08:40:01 +0000 2014,1
1400662201,Wed May 21 08:50:01 +0000 2014,1
1400662801,Wed May 21 09:00:01 +0000 2014,1
1400663401,Wed May 21 09:10:01 +0000 2014,1
1400664002,Wed May 21 09:20:02 +0000 2014,1
1400664601,Wed May 21 09:30:01 +0000 2014,1
1400665201,Wed May 21 09:40:01 +0000 2014,1
1400665801,Wed May 21 09:50:01 +0000 2014,1
1400666401,Wed May 21 10:00:01 +0000 2014,1
1400667001,Wed May 21 10:10:01 +0000 2014,1
1400667601,Wed May 21 10:20:01 +0000 2014,1
1400668201,Wed May 21 10:30:01 +0000 2014,1
1400668801,Wed May 21 10:40:01 +0000 2014,1
1400669401,Wed May 21 10:50:01 +0000 2014,1
1400670001,Wed May 21 11:00:01 +0000 2014,1
1400670601,Wed May 21 11:10:01 +0000 2014,1
1400671201,Wed May 21 11:20:01 +0000 2014,1
1400671801,Wed May 21 11:30:01 +0000 2014,1
1400672401,Wed May 21 11:40:01 +0000 2014,1
1400673001,Wed May 21 11:50:01 +0000 2014,1
1400673601,Wed May 21 12:00:01 +0000 2014,1
1400674201,Wed May 21 12:10:01 +0000 2014,1
1400674802,Wed May 21 12:20:02 +0000 2014,1
1400675401,Wed May 21 12:30:01 +0000 2014,1
1400676001,Wed May 21 12:40:01 +0000 2014,1
1400676601,Wed May 21 12:50:01 +0000 2014,1
1400677201,Wed May 21 13:00:01 +0000 2014,1
1400677801,Wed May 21 13:10:01 +0000 2014,1
1400678401,Wed May 21 13:20:01 +0000 2014,1
1400679001,Wed May 21 13:30:01 +0000 2014,1
1400679601,Wed May 21 13:40:01 +0000 2014,1
1400680201,Wed May 21 13:50:01 +0000 2014,1
1400680801,Wed May 21 14:00:01 +0000 2014,1
1400681401,Wed May 21 14:10:01 +0000 2014,1
1400682001,Wed May 21 14:20:01 +0000 2014,1
1400682601,Wed May 21 14:30:01 +0000 2014,1
1400683201,Wed May 21 14:40:01 +0000 2014,1
1400683801,Wed May 21 14:50:01 +0000 2014,1
1400684401,Wed May 21 15:00:01 +0000 2014,1
1400685001,Wed May 21 15:10:01 +0000 2014,1
1400685601,Wed May 21 15:20:01 +0000 2014,1
1400686202,Wed May 21 15:30:02 +0000 2014,1
1400686801,Wed May 21 15:40:01 +0000 2014,1
1400687401,Wed May 21 15:50:01 +0000 2014,1
1400688001,Wed May 21 16:00:01 +0000 2014,2
1400688601,Wed May 21 16:10:01 +0000 2014,2
1400689201,Wed May 21 16:20:01 +0000 2014,3
1400689801,Wed May 21 16:30:01 +0000 2014,4
1400690401,Wed May 21 16:40:01 +0000 2014,4
1400691001,Wed May 21 16:50:01 +0000 2014,5
1400691601,Wed May 21 17:00:01 +0000 2014,5
1400692201,Wed May 21 17:10:01 +0000 2014,5
1400692801,Wed May 21 17:20:01 +0000 2014,5
1400693401,Wed May 21 17:30:01 +0000 2014,5
1400694001,Wed May 21 17:40:01 +0000 2014,5
1400694601,Wed May 21 17:50:01 +0000 2014,5
1400695201,Wed May 21 18:00:01 +0000 2014,5
1400695801,Wed May 21 18:10:01 +0000 2014,5
1400696401,Wed May 21 18:20:01 +0000 2014,5
1400697001,Wed May 21 18:30:01 +0000 2014,5
1400697602,Wed May 21 18:40:02 +0000 2014,5
1400698201,Wed May 21 18:50:01 +0000 2014,5
1400698801,Wed May 21 19:00:01 +0000 2014,5
1400699401,Wed May 21 19:10:01 +0000 2014,5
1400700001,Wed May 21 19:20:01 +0000 2014,5
1400700601,Wed May 21 19:30:01 +0000 2014,5
1400701201,Wed May 21 19:40:01 +0000 2014,5
1400701801,Wed May 21 19:50:01 +0000 2014,4
1400702401,Wed May 21 20:00:01 +0000 2014,3
1400703001,Wed May 21 20:10:01 +0000 2014,3
1400703601,Wed May 21 20:20:01 +0000 2014,1
1400704201,Wed May 21 20:30:01 +0000 2014,1
1400704801,Wed May 21 20:40:01 +0000 2014,1
1400705401,Wed May 21 20:50:01 +0000 2014,1
1400706001,Wed May 21 21:00:01 +0000 2014,1
1400706601,Wed May 21 21:10:01 +0000 2014,1
1400707201,Wed May 21 21:20:01 +0000 2014,1
1400707801,Wed May 21 21:30:01 +0000 2014,1
1400708402,Wed May 21 21:40:02 +0000 2014,1
1400709001,Wed May 21 21:50:01 +0000 2014,1
1400709601,Wed May 21 22:00:01 +0000 2014,1
1400710201,Wed May 21 22:10:01 +0000 2014,1
1400710801,Wed May 21 22:20:01 +0000 2014,1
1400711401,Wed May 21 22:30:01 +0000 2014,1
1400712001,Wed May 21 22:40:01 +0000 2014,1
1400712601,Wed May 21 22:50:01 +0000 2014,1
1400713201,Wed May 21 23:00:01 +0000 2014,1
1400713801,Wed May 21 23:10:01 +0000 2014,1
1400714401,Wed May 21 23:20:01 +0000 2014,1
1400715001,Wed May 21 23:30:01 +0000 2014,1
1400715601,Wed May 21 23:40:01 +0000 2014,1
1400716201,Wed May 21 23:50:01 +0000 2014,1
1400716801,Thu May 22 00:00:01 +0000 2014,1
1400717401,Thu May 22 00:10:01 +0000 2014,1
1400718001,Thu May 22 00:20:01 +0000 2014,1
1400718601,Thu May 22 00:30:01 +0000 2014,1
1400719201,Thu May 22 00:40:01 +0000 2014,1
1400719802,Thu May 22 00:50:02 +0000 2014,1
1400720401,Thu May 22 01:00:01 +0000 2014,1
1400721001,Thu May 22 01:10:01 +0000 2014,1
1400721601,Thu May 22 01:20:01 +0000 2014,1
1400722201,Thu May 22 01:30:01 +0000 2014,1
1400722801,Thu May 22 01:40:01 +0000 2014,1
1400723401,Thu May 22 01:50:01 +0000 2014,1
1400724001,Thu May 22 02:00:01 +0000 2014,1
1400724601,Thu May 22 02:10:01 +0000 2014,1
1400725201,Thu May 22 02:20:01 +0000 2014,1
1400725801,Thu May 22 02:30:01 +0000 2014,1
1400726401,Thu May 22 02:40:01 +0000 2014,1
1400727001,Thu May 22 02:50:01 +0000 2014,1
1400727601,Thu May 22 03:00:01 +0000 2014,1
1400728201,Thu May 22 03:10:01 +0000 2014,1
1400728801,Thu May 22 03:20:01 +0000 2014,1
1400730001,Thu May 22 03:40:01 +0000 2014,1
1400730601,Thu May 22 03:50:01 +0000 2014,1
1400731201,Thu May 22 04:00:01 +0000 2014,1
1400731801,Thu May 22 04:10:01 +0000 2014,1
1400732401,Thu May 22 04:20:01 +0000 2014,1
1400733001,Thu May 22 04:30:01 +0000 2014,1
1400733601,Thu May 22 04:40:01 +0000 2014,1
1400734201,Thu May 22 04:50:01 +0000 2014,1
1400734802,Thu May 22 05:00:02 +0000 2014,1
1400735401,Thu May 22 05:10:01 +0000 2014,1
1400736001,Thu May 22 05:20:01 +0000 2014,1
1400736601,Thu May 22 05:30:01 +0000 2014,1
1400737201,Thu May 22 05:40:01 +0000 2014,1
1400737801,Thu May 22 05:50:01 +0000 2014,1
1400738401,Thu May 22 06:00:01 +0000 2014,1
1400739001,Thu May 22 06:10:01 +0000 2014,1
1400739601,Thu May 22 06:20:01 +0000 2014,1
1400740202,Thu May 22 06:30:02 +0000 2014,1
1400740801,Thu May 22 06:40:01 +0000 2014,1
1400741401,Thu May 22 06:50:01 +0000 2014,1
1400742001,Thu May 22 07:00:01 +0000 2014,1
1400742601,Thu May 22 07:10:01 +0000 2014,1
1400743201,Thu May 22 07:20:01 +0000 2014,1
1400743801,Thu May 22 07:30:01 +0000 2014,1
1400744401,Thu May 22 07:40:01 +0000 2014,1
1400745001,Thu May 22 07:50:01 +0000 2014,1
1400745601,Thu May 22 08:00:01 +0000 2014,1
1400746201,Thu May 22 08:10:01 +0000 2014,1
1400746801,Thu May 22 08:20:01 +0000 2014,1
1400747401,Thu May 22 08:30:01 +0000 2014,1
1400748001,Thu May 22 08:40:01 +0000 2014,1
1400748601,Thu May 22 08:50:01 +0000 2014,1
1400749201,Thu May 22 09:00:01 +0000 2014,1
1400749801,Thu May 22 09:10:01 +0000 2014,1
1400750401,Thu May 22 09:20:01 +0000 2014,1
1400751001,Thu May 22 09:30:01 +0000 2014,1
1400751602,Thu May 22 09:40:02 +0000 2014,1
1400752201,Thu May 22 09:50:01 +0000 2014,1
1400752801,Thu May 22 10:00:01 +0000 2014,1
1400753401,Thu May 22 10:10:01 +0000 2014,1
1400754001,Thu May 22 10:20:01 +0000 2014,1
1400754601,Thu May 22 10:30:01 +0000 2014,1
